# JRE version: Java(TM) SE Runtime Environment (8.0_45-b14) (build 1.8.0_45-b14)
# Java VM: Java HotSpot(TM) 64-Bit Server VM (25.45-b02 mixed mode windows-amd64 compressed oops)
Heap:
 PSYoungGen      total 153088K, used 60615K [0x0000000715f00000, 0x0000000720980000, 0x00000007c0000000)
  eden space 131584K, 46% used [0x0000000715f00000,0x0000000719a31c68,0x000000071df80000)
  from space 21504K, 0% used [0x000000071df80000,0x000000071df80000,0x000000071f480000)
  to   space 21504K, 0% used [0x000000071f480000,0x000000071f480000,0x0000000720980000)
 ParOldGen       total 244736K, used 5500K [0x00000005c1c00000, 0x00000005d0b00000, 0x0000000715f00000)
  object space 244736K, 2% used [0x00000005c1c00000,0x00000005c215f3c8,0x00000005d0b00000)
 Metaspace       used 26518K, capacity 27296K, committed 27520K, reserved 1073152K
  class space    used 3748K, capacity 3929K, committed 3968K, reserved 1048576K
GC Heap History (4 events):
Event: 0.703 GC heap before
{Heap before GC invocations=1 (full 0):
 PSYoungGen      total 153088K, used 55266K [0x0000000715f00000, 0x0000000720980000, 0x00000007c0000000)
  eden space 131584K, 42% used [0x0000000715f00000,0x00000007194f8a50,0x000000071df80000)
  from space 21504K, 0% used [0x000000071f480000,0x000000071f480000,0x0000000720980000)
  to   space 21504K, 0% used [0x000000071df80000,0x000000071df80000,0x000000071f480000)
 ParOldGen       total 349696K, used 0K [0x00000005c1c00000, 0x00000005d7180000, 0x0000000715f00000)
  object space 349696K, 0% used [0x00000005c1c00000,0x00000005c1c00000,0x00000005d7180000)
 Metaspace       used 20602K, capacity 21174K, committed 21248K, reserved 1067008K
  class space    used 3121K, capacity 3293K, committed 3328K, reserved 1048576K
Event: 0.708 GC heap after
Heap after GC invocations=1 (full 0):
 PSYoungGen      total 153088K, used 5616K [0x0000000715f00000, 0x0000000720980000, 0x00000007c0000000)
  eden space 131584K, 0% used [0x0000000715f00000,0x0000000715f00000,0x000000071df80000)
  from space 21504K, 26% used [0x000000071df80000,0x000000071e4fc030,0x000000071f480000)
  to   space 21504K, 0% used [0x000000071f480000,0x000000071f480000,0x0000000720980000)
 ParOldGen       total 349696K, used 24K [0x00000005c1c00000, 0x00000005d7180000, 0x0000000715f00000)
  object space 349696K, 0% used [0x00000005c1c00000,0x00000005c1c06000,0x00000005d7180000)
 Metaspace       used 20602K, capacity 21174K, committed 21248K, reserved 1067008K
  class space    used 3121K, capacity 3293K, committed 3328K, reserved 1048576K
}
Event: 0.708 GC heap before
{Heap before GC invocations=2 (full 1):
 PSYoungGen      total 153088K, used 5616K [0x0000000715f00000, 0x0000000720980000, 0x00000007c0000000)
  eden space 131584K, 0% used [0x0000000715f00000,0x0000000715f00000,0x000000071df80000)
  from space 21504K, 26% used [0x000000071df80000,0x000000071e4fc030,0x000000071f480000)
  to   space 21504K, 0% used [0x000000071f480000,0x000000071f480000,0x0000000720980000)
 ParOldGen       total 349696K, used 24K [0x00000005c1c00000, 0x00000005d7180000, 0x0000000715f00000)
  object space 349696K, 0% used [0x00000005c1c00000,0x00000005c1c06000,0x00000005d7180000)
 Metaspace       used 20602K, capacity 21174K, committed 21248K, reserved 1067008K
  class space    used 3121K, capacity 3293K, committed 3328K, reserved 1048576K
Event: 0.727 GC heap after
Heap after GC invocations=2 (full 1):
 PSYoungGen      total 153088K, used 0K [0x0000000715f00000, 0x0000000720980000, 0x00000007c0000000)
  eden space 131584K, 0% used [0x0000000715f00000,0x0000000715f00000,0x000000071df80000)
  from space 21504K, 0% used [0x000000071df80000,0x000000071df80000,0x000000071f480000)
  to   space 21504K, 0% used [0x000000071f480000,0x000000071f480000,0x0000000720980000)
 ParOldGen       total 244736K, used 5500K [0x00000005c1c00000, 0x00000005d0b00000, 0x0000000715f00000)
  object space 244736K, 2% used [0x00000005c1c00000,0x00000005c215f3c8,0x00000005d0b00000)
 Metaspace       used 20602K, capacity 21174K, committed 21248K, reserved 1067008K
  class space    used 3121K, capacity 3293K, committed 3328K, reserved 1048576K
}

