# JRE version: Java(TM) SE Runtime Environment (8.0_121-b13) (build 1.8.0_121-b13)
# Java VM: Java HotSpot(TM) 64-Bit Server VM (25.121-b13 mixed mode windows-amd64 compressed oops)
Heap:
 PSYoungGen      total 25600K, used 11252K [0x00000000eb400000, 0x00000000ecf80000, 0x0000000100000000)
  eden space 23040K, 44% used [0x00000000eb400000,0x00000000ebe0eda8,0x00000000eca80000)
  from space 2560K, 37% used [0x00000000ecd00000,0x00000000ecdee5e0,0x00000000ecf80000)
  to   space 2560K, 0% used [0x00000000eca80000,0x00000000eca80000,0x00000000ecd00000)
 ParOldGen       total 44544K, used 38008K [0x00000000c1c00000, 0x00000000c4780000, 0x00000000eb400000)
  object space 44544K, 85% used [0x00000000c1c00000,0x00000000c411e3b8,0x00000000c4780000)
 Metaspace       used 29368K, capacity 30560K, committed 30848K, reserved 1075200K
  class space    used 4092K, capacity 4362K, committed 4480K, reserved 1048576K
GC Heap History (10 events):
Event: 199.232 GC heap before
{Heap before GC invocations=51 (full 1):
 PSYoungGen      total 24064K, used 23784K [0x00000000eb400000, 0x00000000ed080000, 0x0000000100000000)
  eden space 23040K, 100% used [0x00000000eb400000,0x00000000eca80000,0x00000000eca80000)
  from space 1024K, 72% used [0x00000000eca80000,0x00000000ecb3a2c8,0x00000000ecb80000)
  to   space 3072K, 0% used [0x00000000ecd80000,0x00000000ecd80000,0x00000000ed080000)
 ParOldGen       total 44544K, used 37968K [0x00000000c1c00000, 0x00000000c4780000, 0x00000000eb400000)
  object space 44544K, 85% used [0x00000000c1c00000,0x00000000c4114128,0x00000000c4780000)
 Metaspace       used 29368K, capacity 30560K, committed 30848K, reserved 1075200K
  class space    used 4092K, capacity 4362K, committed 4480K, reserved 1048576K
Event: 199.234 GC heap after
Heap after GC invocations=51 (full 1):
 PSYoungGen      total 26112K, used 432K [0x00000000eb400000, 0x00000000ed080000, 0x0000000100000000)
  eden space 23040K, 0% used [0x00000000eb400000,0x00000000eb400000,0x00000000eca80000)
  from space 3072K, 14% used [0x00000000ecd80000,0x00000000ecdec120,0x00000000ed080000)
  to   space 3072K, 0% used [0x00000000eca80000,0x00000000eca80000,0x00000000ecd80000)
 ParOldGen       total 44544K, used 37976K [0x00000000c1c00000, 0x00000000c4780000, 0x00000000eb400000)
  object space 44544K, 85% used [0x00000000c1c00000,0x00000000c4116128,0x00000000c4780000)
 Metaspace       used 29368K, capacity 30560K, committed 30848K, reserved 1075200K
  class space    used 4092K, capacity 4362K, committed 4480K, reserved 1048576K
}
Event: 199.597 GC heap before
{Heap before GC invocations=52 (full 1):
 PSYoungGen      total 26112K, used 23472K [0x00000000eb400000, 0x00000000ed080000, 0x0000000100000000)
  eden space 23040K, 100% used [0x00000000eb400000,0x00000000eca80000,0x00000000eca80000)
  from space 3072K, 14% used [0x00000000ecd80000,0x00000000ecdec120,0x00000000ed080000)
  to   space 3072K, 0% used [0x00000000eca80000,0x00000000eca80000,0x00000000ecd80000)
 ParOldGen       total 44544K, used 37983K [0x00000000c1c00000, 0x00000000c4780000, 0x00000000eb400000)
  object space 44544K, 85% used [0x00000000c1c00000,0x00000000c4117c58,0x00000000c4780000)
 Metaspace       used 29368K, capacity 30560K, committed 30848K, reserved 1075200K
  class space    used 4092K, capacity 4362K, committed 4480K, reserved 1048576K
Event: 199.599 GC heap after
Heap after GC invocations=52 (full 1):
 PSYoungGen      total 26112K, used 657K [0x00000000eb400000, 0x00000000ed080000, 0x0000000100000000)
  eden space 23040K, 0% used [0x00000000eb400000,0x00000000eb400000,0x00000000eca80000)
  from space 3072K, 21% used [0x00000000eca80000,0x00000000ecb246f0,0x00000000ecd80000)
  to   space 3072K, 0% used [0x00000000ecd80000,0x00000000ecd80000,0x00000000ed080000)
 ParOldGen       total 44544K, used 37983K [0x00000000c1c00000, 0x00000000c4780000, 0x00000000eb400000)
  object space 44544K, 85% used [0x00000000c1c00000,0x00000000c4117c58,0x00000000c4780000)
 Metaspace       used 29368K, capacity 30560K, committed 30848K, reserved 1075200K
  class space    used 4092K, capacity 4362K, committed 4480K, reserved 1048576K
}
Event: 199.914 GC heap before
{Heap before GC invocations=53 (full 1):
 PSYoungGen      total 26112K, used 23697K [0x00000000eb400000, 0x00000000ed080000, 0x0000000100000000)
  eden space 23040K, 100% used [0x00000000eb400000,0x00000000eca80000,0x00000000eca80000)
  from space 3072K, 21% used [0x00000000eca80000,0x00000000ecb246f0,0x00000000ecd80000)
  to   space 3072K, 0% used [0x00000000ecd80000,0x00000000ecd80000,0x00000000ed080000)
 ParOldGen       total 44544K, used 37984K [0x00000000c1c00000, 0x00000000c4780000, 0x00000000eb400000)
  object space 44544K, 85% used [0x00000000c1c00000,0x00000000c41183b8,0x00000000c4780000)
 Metaspace       used 29368K, capacity 30560K, committed 30848K, reserved 1075200K
  class space    used 4092K, capacity 4362K, committed 4480K, reserved 1048576K
Event: 199.916 GC heap after
Heap after GC invocations=53 (full 1):
 PSYoungGen      total 25088K, used 736K [0x00000000eb400000, 0x00000000ecf80000, 0x0000000100000000)
  eden space 23040K, 0% used [0x00000000eb400000,0x00000000eb400000,0x00000000eca80000)
  from space 2048K, 35% used [0x00000000ecd80000,0x00000000ece383d0,0x00000000ecf80000)
  to   space 2560K, 0% used [0x00000000eca80000,0x00000000eca80000,0x00000000ecd00000)
 ParOldGen       total 44544K, used 37984K [0x00000000c1c00000, 0x00000000c4780000, 0x00000000eb400000)
  object space 44544K, 85% used [0x00000000c1c00000,0x00000000c41183b8,0x00000000c4780000)
 Metaspace       used 29368K, capacity 30560K, committed 30848K, reserved 1075200K
  class space    used 4092K, capacity 4362K, committed 4480K, reserved 1048576K
}
Event: 200.277 GC heap before
{Heap before GC invocations=54 (full 1):
 PSYoungGen      total 25088K, used 23776K [0x00000000eb400000, 0x00000000ecf80000, 0x0000000100000000)
  eden space 23040K, 100% used [0x00000000eb400000,0x00000000eca80000,0x00000000eca80000)
  from space 2048K, 35% used [0x00000000ecd80000,0x00000000ece383d0,0x00000000ecf80000)
  to   space 2560K, 0% used [0x00000000eca80000,0x00000000eca80000,0x00000000ecd00000)
 ParOldGen       total 44544K, used 37984K [0x00000000c1c00000, 0x00000000c4780000, 0x00000000eb400000)
  object space 44544K, 85% used [0x00000000c1c00000,0x00000000c41183b8,0x00000000c4780000)
 Metaspace       used 29368K, capacity 30560K, committed 30848K, reserved 1075200K
  class space    used 4092K, capacity 4362K, committed 4480K, reserved 1048576K
Event: 200.279 GC heap after
Heap after GC invocations=54 (full 1):
 PSYoungGen      total 25600K, used 705K [0x00000000eb400000, 0x00000000ecf80000, 0x0000000100000000)
  eden space 23040K, 0% used [0x00000000eb400000,0x00000000eb400000,0x00000000eca80000)
  from space 2560K, 27% used [0x00000000eca80000,0x00000000ecb30470,0x00000000ecd00000)
  to   space 2560K, 0% used [0x00000000ecd00000,0x00000000ecd00000,0x00000000ecf80000)
 ParOldGen       total 44544K, used 37992K [0x00000000c1c00000, 0x00000000c4780000, 0x00000000eb400000)
  object space 44544K, 85% used [0x00000000c1c00000,0x00000000c411a3b8,0x00000000c4780000)
 Metaspace       used 29368K, capacity 30560K, committed 30848K, reserved 1075200K
  class space    used 4092K, capacity 4362K, committed 4480K, reserved 1048576K
}
Event: 200.613 GC heap before
{Heap before GC invocations=55 (full 1):
 PSYoungGen      total 25600K, used 23745K [0x00000000eb400000, 0x00000000ecf80000, 0x0000000100000000)
  eden space 23040K, 100% used [0x00000000eb400000,0x00000000eca80000,0x00000000eca80000)
  from space 2560K, 27% used [0x00000000eca80000,0x00000000ecb30470,0x00000000ecd00000)
  to   space 2560K, 0% used [0x00000000ecd00000,0x00000000ecd00000,0x00000000ecf80000)
 ParOldGen       total 44544K, used 37992K [0x00000000c1c00000, 0x00000000c4780000, 0x00000000eb400000)
  object space 44544K, 85% used [0x00000000c1c00000,0x00000000c411a3b8,0x00000000c4780000)
 Metaspace       used 29368K, capacity 30560K, committed 30848K, reserved 1075200K
  class space    used 4092K, capacity 4362K, committed 4480K, reserved 1048576K
Event: 200.614 GC heap after
Heap after GC invocations=55 (full 1):
 PSYoungGen      total 25600K, used 953K [0x00000000eb400000, 0x00000000ecf80000, 0x0000000100000000)
  eden space 23040K, 0% used [0x00000000eb400000,0x00000000eb400000,0x00000000eca80000)
  from space 2560K, 37% used [0x00000000ecd00000,0x00000000ecdee5e0,0x00000000ecf80000)
  to   space 2560K, 0% used [0x00000000eca80000,0x00000000eca80000,0x00000000ecd00000)
 ParOldGen       total 44544K, used 38008K [0x00000000c1c00000, 0x00000000c4780000, 0x00000000eb400000)
  object space 44544K, 85% used [0x00000000c1c00000,0x00000000c411e3b8,0x00000000c4780000)
 Metaspace       used 29368K, capacity 30560K, committed 30848K, reserved 1075200K
  class space    used 4092K, capacity 4362K, committed 4480K, reserved 1048576K
}

